{"/Users/tylerpritchard/Desktop/TREAD/config.js": {"path":"/Users/tylerpritchard/Desktop/TREAD/config.js","statementMap":{"0":{"start":{"line":1,"column":23},"end":{"line":1,"column":64}},"1":{"start":{"line":2,"column":27},"end":{"line":2,"column":68}},"2":{"start":{"line":3,"column":28},"end":{"line":3,"column":69}}},"fnMap":{},"branchMap":{},"s":{"0":2,"1":2,"2":2},"f":{},"b":{},"_coverageSchema":"1a1c01bbd47fc00a2c39e90264f33305004495a9","hash":"77e9a96d688ae65f4f431a64b3e1cf0a12e086e3"}
,"/Users/tylerpritchard/Desktop/TREAD/screens/Maps/HeatMapView.js": {"path":"/Users/tylerpritchard/Desktop/TREAD/screens/Maps/HeatMapView.js","statementMap":{"0":{"start":{"line":6,"column":2},"end":{"line":21,"column":4}}},"fnMap":{"0":{"name":"(anonymous_0)","decl":{"start":{"line":5,"column":15},"end":{"line":5,"column":16}},"loc":{"start":{"line":6,"column":2},"end":{"line":21,"column":4}},"line":6}},"branchMap":{},"s":{"0":1},"f":{"0":1},"b":{},"_coverageSchema":"1a1c01bbd47fc00a2c39e90264f33305004495a9","hash":"d34815c7b50bdeeee5fdde4f94ee0f99a657bff9"}
,"/Users/tylerpritchard/Desktop/TREAD/screens/Maps/LocalMapView.js": {"path":"/Users/tylerpritchard/Desktop/TREAD/screens/Maps/LocalMapView.js","statementMap":{"0":{"start":{"line":9,"column":17},"end":{"line":43,"column":1}},"1":{"start":{"line":11,"column":17},"end":{"line":11,"column":62}},"2":{"start":{"line":12,"column":22},"end":{"line":12,"column":67}},"3":{"start":{"line":14,"column":2},"end":{"line":42,"column":4}}},"fnMap":{"0":{"name":"(anonymous_0)","decl":{"start":{"line":9,"column":17},"end":{"line":9,"column":18}},"loc":{"start":{"line":9,"column":23},"end":{"line":43,"column":1}},"line":9}},"branchMap":{},"s":{"0":2,"1":0,"2":0,"3":0},"f":{"0":0},"b":{},"_coverageSchema":"1a1c01bbd47fc00a2c39e90264f33305004495a9","hash":"6f97c3bcd74f46fe16b184a11089f66e1e405e6b"}
,"/Users/tylerpritchard/Desktop/TREAD/screens/Maps/MapsContainer.js": {"path":"/Users/tylerpritchard/Desktop/TREAD/screens/Maps/MapsContainer.js","statementMap":{"0":{"start":{"line":7,"column":4},"end":{"line":12,"column":6}}},"fnMap":{"0":{"name":"Maps","decl":{"start":{"line":6,"column":9},"end":{"line":6,"column":13}},"loc":{"start":{"line":6,"column":16},"end":{"line":13,"column":1}},"line":6}},"branchMap":{},"s":{"0":2},"f":{"0":2},"b":{},"_coverageSchema":"1a1c01bbd47fc00a2c39e90264f33305004495a9","hash":"b8f4dc096557096437d6b481fa9ff3422343c1dc"}
,"/Users/tylerpritchard/Desktop/TREAD/screens/Maps/index.js": {"path":"/Users/tylerpritchard/Desktop/TREAD/screens/Maps/index.js","statementMap":{},"fnMap":{},"branchMap":{},"s":{},"f":{},"b":{},"_coverageSchema":"1a1c01bbd47fc00a2c39e90264f33305004495a9","hash":"2f158119d16957b87ba96eccacafb1fe76c7a26b"}
,"/Users/tylerpritchard/Desktop/TREAD/screens/Maps/styles.js": {"path":"/Users/tylerpritchard/Desktop/TREAD/screens/Maps/styles.js","statementMap":{"0":{"start":{"line":3,"column":15},"end":{"line":27,"column":4}}},"fnMap":{},"branchMap":{},"s":{"0":2},"f":{},"b":{},"_coverageSchema":"1a1c01bbd47fc00a2c39e90264f33305004495a9","hash":"37015b73953ff5bc22ab10b248db622e85de3e6f"}
,"/Users/tylerpritchard/Desktop/TREAD/screens/components/SearchBar.js": {"path":"/Users/tylerpritchard/Desktop/TREAD/screens/components/SearchBar.js","statementMap":{"0":{"start":{"line":7,"column":24},"end":{"line":23,"column":1}},"1":{"start":{"line":9,"column":42},"end":{"line":9,"column":60}},"2":{"start":{"line":11,"column":27},"end":{"line":11,"column":57}},"3":{"start":{"line":11,"column":36},"end":{"line":11,"column":57}},"4":{"start":{"line":13,"column":4},"end":{"line":22,"column":6}}},"fnMap":{"0":{"name":"(anonymous_0)","decl":{"start":{"line":7,"column":24},"end":{"line":7,"column":25}},"loc":{"start":{"line":7,"column":35},"end":{"line":23,"column":1}},"line":7},"1":{"name":"(anonymous_1)","decl":{"start":{"line":11,"column":27},"end":{"line":11,"column":28}},"loc":{"start":{"line":11,"column":36},"end":{"line":11,"column":57}},"line":11}},"branchMap":{},"s":{"0":2,"1":0,"2":0,"3":0,"4":0},"f":{"0":0,"1":0},"b":{},"_coverageSchema":"1a1c01bbd47fc00a2c39e90264f33305004495a9","hash":"debda41b90e12d9f83c824309ad22fa0c2c545de"}
,"/Users/tylerpritchard/Desktop/TREAD/styles/index.js": {"path":"/Users/tylerpritchard/Desktop/TREAD/styles/index.js","statementMap":{},"fnMap":{},"branchMap":{},"s":{},"f":{},"b":{},"_coverageSchema":"1a1c01bbd47fc00a2c39e90264f33305004495a9","hash":"efb84992f5a3fca8c3757c52bf2a2ba0cb7be0a0"}
}
