{"/Users/home/Desktop/TREAD/config.js": {"path":"/Users/home/Desktop/TREAD/config.js","statementMap":{"0":{"start":{"line":1,"column":23},"end":{"line":1,"column":64}},"1":{"start":{"line":2,"column":27},"end":{"line":2,"column":68}},"2":{"start":{"line":3,"column":28},"end":{"line":3,"column":69}}},"fnMap":{},"branchMap":{},"s":{"0":2,"1":2,"2":2},"f":{},"b":{},"_coverageSchema":"1a1c01bbd47fc00a2c39e90264f33305004495a9","hash":"5f4c8ae2f2f06a50c0087ac72b12e8d72ba91be7"}
,"/Users/home/Desktop/TREAD/ components/SearchBar/SearchBar.js": {"path":"/Users/home/Desktop/TREAD/ components/SearchBar/SearchBar.js","statementMap":{"0":{"start":{"line":7,"column":24},"end":{"line":23,"column":1}},"1":{"start":{"line":9,"column":42},"end":{"line":9,"column":60}},"2":{"start":{"line":11,"column":27},"end":{"line":11,"column":57}},"3":{"start":{"line":11,"column":36},"end":{"line":11,"column":57}},"4":{"start":{"line":13,"column":4},"end":{"line":22,"column":6}}},"fnMap":{"0":{"name":"(anonymous_0)","decl":{"start":{"line":7,"column":24},"end":{"line":7,"column":25}},"loc":{"start":{"line":7,"column":35},"end":{"line":23,"column":1}},"line":7},"1":{"name":"(anonymous_1)","decl":{"start":{"line":11,"column":27},"end":{"line":11,"column":28}},"loc":{"start":{"line":11,"column":36},"end":{"line":11,"column":57}},"line":11}},"branchMap":{},"s":{"0":3,"1":1,"2":1,"3":0,"4":1},"f":{"0":1,"1":0},"b":{},"_coverageSchema":"1a1c01bbd47fc00a2c39e90264f33305004495a9","hash":"0e61a2fb632b334133a8cfd67a9c9dc04f29b6d2"}
,"/Users/home/Desktop/TREAD/ components/SearchBar/styles.js": {"path":"/Users/home/Desktop/TREAD/ components/SearchBar/styles.js","statementMap":{"0":{"start":{"line":3,"column":15},"end":{"line":9,"column":4}}},"fnMap":{},"branchMap":{},"s":{"0":3},"f":{},"b":{},"_coverageSchema":"1a1c01bbd47fc00a2c39e90264f33305004495a9","hash":"0365617b68ca1ee7170838623b74ea5e8ca2ddaf"}
,"/Users/home/Desktop/TREAD/screens/Maps/HeatMapView.js": {"path":"/Users/home/Desktop/TREAD/screens/Maps/HeatMapView.js","statementMap":{"0":{"start":{"line":6,"column":2},"end":{"line":21,"column":4}}},"fnMap":{"0":{"name":"(anonymous_0)","decl":{"start":{"line":5,"column":15},"end":{"line":5,"column":16}},"loc":{"start":{"line":6,"column":2},"end":{"line":21,"column":4}},"line":6}},"branchMap":{},"s":{"0":1},"f":{"0":1},"b":{},"_coverageSchema":"1a1c01bbd47fc00a2c39e90264f33305004495a9","hash":"e01172f65ef127750bd61dd10b06ddaba0e7bf32"}
,"/Users/home/Desktop/TREAD/screens/Maps/LocalMapView.js": {"path":"/Users/home/Desktop/TREAD/screens/Maps/LocalMapView.js","statementMap":{"0":{"start":{"line":9,"column":17},"end":{"line":43,"column":1}},"1":{"start":{"line":11,"column":17},"end":{"line":11,"column":62}},"2":{"start":{"line":12,"column":22},"end":{"line":12,"column":67}},"3":{"start":{"line":14,"column":2},"end":{"line":42,"column":4}}},"fnMap":{"0":{"name":"(anonymous_0)","decl":{"start":{"line":9,"column":17},"end":{"line":9,"column":18}},"loc":{"start":{"line":9,"column":23},"end":{"line":43,"column":1}},"line":9}},"branchMap":{},"s":{"0":2,"1":1,"2":1,"3":1},"f":{"0":1},"b":{},"_coverageSchema":"1a1c01bbd47fc00a2c39e90264f33305004495a9","hash":"f8543f13bd35029865078e6684b2768460af4d87"}
,"/Users/home/Desktop/TREAD/screens/Maps/MapsContainer.js": {"path":"/Users/home/Desktop/TREAD/screens/Maps/MapsContainer.js","statementMap":{"0":{"start":{"line":7,"column":4},"end":{"line":12,"column":6}}},"fnMap":{"0":{"name":"Maps","decl":{"start":{"line":6,"column":9},"end":{"line":6,"column":13}},"loc":{"start":{"line":6,"column":16},"end":{"line":13,"column":1}},"line":6}},"branchMap":{},"s":{"0":1},"f":{"0":1},"b":{},"_coverageSchema":"1a1c01bbd47fc00a2c39e90264f33305004495a9","hash":"0691e69ce0a4e1b89a82ede5463efa137eee339b"}
,"/Users/home/Desktop/TREAD/screens/Maps/styles.js": {"path":"/Users/home/Desktop/TREAD/screens/Maps/styles.js","statementMap":{"0":{"start":{"line":3,"column":15},"end":{"line":22,"column":4}}},"fnMap":{},"branchMap":{},"s":{"0":2},"f":{},"b":{},"_coverageSchema":"1a1c01bbd47fc00a2c39e90264f33305004495a9","hash":"b388b79af1ec24bb1d8ea5021285dff039835ac5"}
}
